<?xml version="1.0" encoding="UTF-8"?>
<!-- Generated by org.testng.reporters.JUnitXMLReporter -->
<testsuite hostname="SILICUS253" ignored="0" name="Command line test" tests="4" failures="0" timestamp="12 Aug 2019 04:24:57 GMT" time="0.1" errors="0">
  <testcase name="iosApp" time="0.019" classname="Mavenjava.AppiumTest"/>
  <testcase name="nativeAppAndroid" time="0.001" classname="Mavenjava.AppiumTest"/>
  <testcase name="browserAutomation" time="0.001" classname="Mavenjava.SeleniumTest"/>
  <testcase name="elementsOnUI" time="0.001" classname="Mavenjava.SeleniumTest"/>
</testsuite> <!-- Command line test -->
