<?xml version="1.0" encoding="UTF-8"?>
<!-- Generated by org.testng.reporters.JUnitXMLReporter -->
<testsuite hostname="SILICUS253" ignored="0" name="Test" tests="4" failures="0" timestamp="12 Aug 2019 04:56:01 GMT" time="0.043" errors="0">
  <testcase name="browserAutomation" time="0.01" classname="Mavenjava.SeleniumTest"/>
  <testcase name="elementsOnUI" time="0.0" classname="Mavenjava.SeleniumTest"/>
  <testcase name="iosApp" time="0.001" classname="Mavenjava.AppiumTest"/>
  <testcase name="nativeAppAndroid" time="0.001" classname="Mavenjava.AppiumTest"/>
</testsuite> <!-- Test -->
