<?xml version="1.0" encoding="UTF-8"?>
<testng-results skipped="0" failed="0" ignored="0" total="4" passed="4">
  <reporter-output>
  </reporter-output>
  <suite name="Suite" duration-ms="43" started-at="2019-08-12T04:56:01Z" finished-at="2019-08-12T04:56:01Z">
    <groups>
    </groups>
    <test name="Test" duration-ms="43" started-at="2019-08-12T04:56:01Z" finished-at="2019-08-12T04:56:01Z">
      <class name="Mavenjava.AppiumTest">
        <test-method status="PASS" signature="iosApp()[pri:0, instance:Mavenjava.AppiumTest@6574b225]" name="iosApp" duration-ms="1" started-at="2019-08-12T04:56:01Z" finished-at="2019-08-12T04:56:01Z">
          <reporter-output>
          </reporter-output>
        </test-method> <!-- iosApp -->
        <test-method status="PASS" signature="nativeAppAndroid()[pri:0, instance:Mavenjava.AppiumTest@6574b225]" name="nativeAppAndroid" duration-ms="1" started-at="2019-08-12T04:56:01Z" finished-at="2019-08-12T04:56:01Z">
          <reporter-output>
          </reporter-output>
        </test-method> <!-- nativeAppAndroid -->
      </class> <!-- Mavenjava.AppiumTest -->
      <class name="Mavenjava.SeleniumTest">
        <test-method status="PASS" signature="browserAutomation()[pri:0, instance:Mavenjava.SeleniumTest@5056dfcb]" name="browserAutomation" duration-ms="10" started-at="2019-08-12T04:56:01Z" finished-at="2019-08-12T04:56:01Z">
          <reporter-output>
          </reporter-output>
        </test-method> <!-- browserAutomation -->
        <test-method status="PASS" signature="elementsOnUI()[pri:0, instance:Mavenjava.SeleniumTest@5056dfcb]" name="elementsOnUI" duration-ms="0" started-at="2019-08-12T04:56:01Z" finished-at="2019-08-12T04:56:01Z">
          <reporter-output>
          </reporter-output>
        </test-method> <!-- elementsOnUI -->
      </class> <!-- Mavenjava.SeleniumTest -->
    </test> <!-- Test -->
  </suite> <!-- Suite -->
</testng-results>
